<?xml version="1.0" encoding="UTF-8"?>
<testsuite xmlns:xsi="http://www.w3.org/2001/XMLSchema-instance" xsi:noNamespaceSchemaLocation="https://maven.apache.org/surefire/maven-surefire-plugin/xsd/surefire-test-report-3.0.xsd" version="3.0" name="com.losmessias.leherer.repository_tests.ClassReservationRepositoryTests" time="0.408" tests="7" errors="0" skipped="0" failures="0">
  <properties>
    <property name="java.specification.version" value="20"/>
    <property name="sun.jnu.encoding" value="UTF-8"/>
    <property name="java.class.path" value="/Users/augustoramseyer/Downloads/GitHub/2023-losmessias-BE/target/test-classes:/Users/augustoramseyer/Downloads/GitHub/2023-losmessias-BE/target/classes:/Users/augustoramseyer/.m2/repository/org/springframework/boot/spring-boot-starter-data-jpa/3.1.3/spring-boot-starter-data-jpa-3.1.3.jar:/Users/augustoramseyer/.m2/repository/org/springframework/boot/spring-boot-starter-aop/3.1.3/spring-boot-starter-aop-3.1.3.jar:/Users/augustoramseyer/.m2/repository/org/aspectj/aspectjweaver/1.9.20/aspectjweaver-1.9.20.jar:/Users/augustoramseyer/.m2/repository/org/springframework/boot/spring-boot-starter-jdbc/3.1.3/spring-boot-starter-jdbc-3.1.3.jar:/Users/augustoramseyer/.m2/repository/com/zaxxer/HikariCP/5.0.1/HikariCP-5.0.1.jar:/Users/augustoramseyer/.m2/repository/org/springframework/spring-jdbc/6.0.11/spring-jdbc-6.0.11.jar:/Users/augustoramseyer/.m2/repository/org/hibernate/orm/hibernate-core/6.2.7.Final/hibernate-core-6.2.7.Final.jar:/Users/augustoramseyer/.m2/repository/jakarta/persistence/jakarta.persistence-api/3.1.0/jakarta.persistence-api-3.1.0.jar:/Users/augustoramseyer/.m2/repository/jakarta/transaction/jakarta.transaction-api/2.0.1/jakarta.transaction-api-2.0.1.jar:/Users/augustoramseyer/.m2/repository/org/jboss/logging/jboss-logging/3.5.3.Final/jboss-logging-3.5.3.Final.jar:/Users/augustoramseyer/.m2/repository/org/hibernate/common/hibernate-commons-annotations/6.0.6.Final/hibernate-commons-annotations-6.0.6.Final.jar:/Users/augustoramseyer/.m2/repository/io/smallrye/jandex/3.0.5/jandex-3.0.5.jar:/Users/augustoramseyer/.m2/repository/com/fasterxml/classmate/1.5.1/classmate-1.5.1.jar:/Users/augustoramseyer/.m2/repository/org/glassfish/jaxb/jaxb-runtime/4.0.3/jaxb-runtime-4.0.3.jar:/Users/augustoramseyer/.m2/repository/org/glassfish/jaxb/jaxb-core/4.0.3/jaxb-core-4.0.3.jar:/Users/augustoramseyer/.m2/repository/org/glassfish/jaxb/txw2/4.0.3/txw2-4.0.3.jar:/Users/augustoramseyer/.m2/repository/com/sun/istack/istack-commons-runtime/4.1.2/istack-commons-runtime-4.1.2.jar:/Users/augustoramseyer/.m2/repository/jakarta/inject/jakarta.inject-api/2.0.1/jakarta.inject-api-2.0.1.jar:/Users/augustoramseyer/.m2/repository/org/antlr/antlr4-runtime/4.10.1/antlr4-runtime-4.10.1.jar:/Users/augustoramseyer/.m2/repository/org/springframework/data/spring-data-jpa/3.1.3/spring-data-jpa-3.1.3.jar:/Users/augustoramseyer/.m2/repository/org/springframework/data/spring-data-commons/3.1.3/spring-data-commons-3.1.3.jar:/Users/augustoramseyer/.m2/repository/org/springframework/spring-orm/6.0.11/spring-orm-6.0.11.jar:/Users/augustoramseyer/.m2/repository/org/springframework/spring-context/6.0.11/spring-context-6.0.11.jar:/Users/augustoramseyer/.m2/repository/org/springframework/spring-tx/6.0.11/spring-tx-6.0.11.jar:/Users/augustoramseyer/.m2/repository/org/springframework/spring-beans/6.0.11/spring-beans-6.0.11.jar:/Users/augustoramseyer/.m2/repository/jakarta/annotation/jakarta.annotation-api/2.1.1/jakarta.annotation-api-2.1.1.jar:/Users/augustoramseyer/.m2/repository/org/slf4j/slf4j-api/2.0.7/slf4j-api-2.0.7.jar:/Users/augustoramseyer/.m2/repository/org/springframework/spring-aspects/6.0.11/spring-aspects-6.0.11.jar:/Users/augustoramseyer/.m2/repository/org/springframework/boot/spring-boot-starter-thymeleaf/3.1.3/spring-boot-starter-thymeleaf-3.1.3.jar:/Users/augustoramseyer/.m2/repository/org/springframework/boot/spring-boot-starter/3.1.3/spring-boot-starter-3.1.3.jar:/Users/augustoramseyer/.m2/repository/org/springframework/boot/spring-boot-starter-logging/3.1.3/spring-boot-starter-logging-3.1.3.jar:/Users/augustoramseyer/.m2/repository/ch/qos/logback/logback-classic/1.4.11/logback-classic-1.4.11.jar:/Users/augustoramseyer/.m2/repository/ch/qos/logback/logback-core/1.4.11/logback-core-1.4.11.jar:/Users/augustoramseyer/.m2/repository/org/apache/logging/log4j/log4j-to-slf4j/2.20.0/log4j-to-slf4j-2.20.0.jar:/Users/augustoramseyer/.m2/repository/org/apache/logging/log4j/log4j-api/2.20.0/log4j-api-2.20.0.jar:/Users/augustoramseyer/.m2/repository/org/slf4j/jul-to-slf4j/2.0.7/jul-to-slf4j-2.0.7.jar:/Users/augustoramseyer/.m2/repository/org/yaml/snakeyaml/1.33/snakeyaml-1.33.jar:/Users/augustoramseyer/.m2/repository/org/thymeleaf/thymeleaf-spring6/3.1.2.RELEASE/thymeleaf-spring6-3.1.2.RELEASE.jar:/Users/augustoramseyer/.m2/repository/org/thymeleaf/thymeleaf/3.1.2.RELEASE/thymeleaf-3.1.2.RELEASE.jar:/Users/augustoramseyer/.m2/repository/org/attoparser/attoparser/2.0.7.RELEASE/attoparser-2.0.7.RELEASE.jar:/Users/augustoramseyer/.m2/repository/org/unbescape/unbescape/1.1.6.RELEASE/unbescape-1.1.6.RELEASE.jar:/Users/augustoramseyer/.m2/repository/org/springframework/boot/spring-boot-starter-security/3.1.3/spring-boot-starter-security-3.1.3.jar:/Users/augustoramseyer/.m2/repository/org/springframework/spring-aop/6.0.11/spring-aop-6.0.11.jar:/Users/augustoramseyer/.m2/repository/org/springframework/security/spring-security-config/6.1.3/spring-security-config-6.1.3.jar:/Users/augustoramseyer/.m2/repository/org/springframework/security/spring-security-web/6.1.3/spring-security-web-6.1.3.jar:/Users/augustoramseyer/.m2/repository/org/springframework/spring-expression/6.0.11/spring-expression-6.0.11.jar:/Users/augustoramseyer/.m2/repository/org/springframework/boot/spring-boot-starter-web/3.1.3/spring-boot-starter-web-3.1.3.jar:/Users/augustoramseyer/.m2/repository/org/springframework/boot/spring-boot-starter-json/3.1.3/spring-boot-starter-json-3.1.3.jar:/Users/augustoramseyer/.m2/repository/com/fasterxml/jackson/datatype/jackson-datatype-jdk8/2.15.2/jackson-datatype-jdk8-2.15.2.jar:/Users/augustoramseyer/.m2/repository/com/fasterxml/jackson/datatype/jackson-datatype-jsr310/2.15.2/jackson-datatype-jsr310-2.15.2.jar:/Users/augustoramseyer/.m2/repository/com/fasterxml/jackson/module/jackson-module-parameter-names/2.15.2/jackson-module-parameter-names-2.15.2.jar:/Users/augustoramseyer/.m2/repository/org/springframework/boot/spring-boot-starter-tomcat/3.1.3/spring-boot-starter-tomcat-3.1.3.jar:/Users/augustoramseyer/.m2/repository/org/apache/tomcat/embed/tomcat-embed-core/10.1.12/tomcat-embed-core-10.1.12.jar:/Users/augustoramseyer/.m2/repository/org/apache/tomcat/embed/tomcat-embed-websocket/10.1.12/tomcat-embed-websocket-10.1.12.jar:/Users/augustoramseyer/.m2/repository/org/springframework/spring-web/6.0.11/spring-web-6.0.11.jar:/Users/augustoramseyer/.m2/repository/io/micrometer/micrometer-observation/1.11.3/micrometer-observation-1.11.3.jar:/Users/augustoramseyer/.m2/repository/io/micrometer/micrometer-commons/1.11.3/micrometer-commons-1.11.3.jar:/Users/augustoramseyer/.m2/repository/org/springframework/spring-webmvc/6.0.11/spring-webmvc-6.0.11.jar:/Users/augustoramseyer/.m2/repository/org/springframework/boot/spring-boot-starter-validation/3.1.3/spring-boot-starter-validation-3.1.3.jar:/Users/augustoramseyer/.m2/repository/org/apache/tomcat/embed/tomcat-embed-el/10.1.12/tomcat-embed-el-10.1.12.jar:/Users/augustoramseyer/.m2/repository/org/hibernate/validator/hibernate-validator/8.0.1.Final/hibernate-validator-8.0.1.Final.jar:/Users/augustoramseyer/.m2/repository/jakarta/validation/jakarta.validation-api/3.0.2/jakarta.validation-api-3.0.2.jar:/Users/augustoramseyer/.m2/repository/org/springframework/boot/spring-boot-devtools/3.1.3/spring-boot-devtools-3.1.3.jar:/Users/augustoramseyer/.m2/repository/org/springframework/boot/spring-boot/3.1.3/spring-boot-3.1.3.jar:/Users/augustoramseyer/.m2/repository/org/springframework/boot/spring-boot-autoconfigure/3.1.3/spring-boot-autoconfigure-3.1.3.jar:/Users/augustoramseyer/.m2/repository/com/mysql/mysql-connector-j/8.0.33/mysql-connector-j-8.0.33.jar:/Users/augustoramseyer/.m2/repository/org/springframework/boot/spring-boot-starter-mail/3.1.3/spring-boot-starter-mail-3.1.3.jar:/Users/augustoramseyer/.m2/repository/org/springframework/spring-context-support/6.0.11/spring-context-support-6.0.11.jar:/Users/augustoramseyer/.m2/repository/org/eclipse/angus/jakarta.mail/1.1.0/jakarta.mail-1.1.0.jar:/Users/augustoramseyer/.m2/repository/jakarta/activation/jakarta.activation-api/2.1.2/jakarta.activation-api-2.1.2.jar:/Users/augustoramseyer/.m2/repository/org/eclipse/angus/angus-activation/2.0.1/angus-activation-2.0.1.jar:/Users/augustoramseyer/.m2/repository/org/projectlombok/lombok/1.18.28/lombok-1.18.28.jar:/Users/augustoramseyer/.m2/repository/io/jsonwebtoken/jjwt-api/0.11.5/jjwt-api-0.11.5.jar:/Users/augustoramseyer/.m2/repository/io/jsonwebtoken/jjwt-impl/0.11.5/jjwt-impl-0.11.5.jar:/Users/augustoramseyer/.m2/repository/io/jsonwebtoken/jjwt-jackson/0.11.5/jjwt-jackson-0.11.5.jar:/Users/augustoramseyer/.m2/repository/com/fasterxml/jackson/core/jackson-databind/2.15.2/jackson-databind-2.15.2.jar:/Users/augustoramseyer/.m2/repository/com/fasterxml/jackson/core/jackson-annotations/2.15.2/jackson-annotations-2.15.2.jar:/Users/augustoramseyer/.m2/repository/com/fasterxml/jackson/core/jackson-core/2.15.2/jackson-core-2.15.2.jar:/Users/augustoramseyer/.m2/repository/org/springframework/boot/spring-boot-starter-test/3.1.3/spring-boot-starter-test-3.1.3.jar:/Users/augustoramseyer/.m2/repository/org/springframework/boot/spring-boot-test/3.1.3/spring-boot-test-3.1.3.jar:/Users/augustoramseyer/.m2/repository/org/springframework/boot/spring-boot-test-autoconfigure/3.1.3/spring-boot-test-autoconfigure-3.1.3.jar:/Users/augustoramseyer/.m2/repository/com/jayway/jsonpath/json-path/2.8.0/json-path-2.8.0.jar:/Users/augustoramseyer/.m2/repository/jakarta/xml/bind/jakarta.xml.bind-api/4.0.0/jakarta.xml.bind-api-4.0.0.jar:/Users/augustoramseyer/.m2/repository/net/minidev/json-smart/2.4.11/json-smart-2.4.11.jar:/Users/augustoramseyer/.m2/repository/net/minidev/accessors-smart/2.4.11/accessors-smart-2.4.11.jar:/Users/augustoramseyer/.m2/repository/org/ow2/asm/asm/9.3/asm-9.3.jar:/Users/augustoramseyer/.m2/repository/org/hamcrest/hamcrest/2.2/hamcrest-2.2.jar:/Users/augustoramseyer/.m2/repository/org/junit/jupiter/junit-jupiter/5.9.3/junit-jupiter-5.9.3.jar:/Users/augustoramseyer/.m2/repository/org/junit/jupiter/junit-jupiter-api/5.9.3/junit-jupiter-api-5.9.3.jar:/Users/augustoramseyer/.m2/repository/org/opentest4j/opentest4j/1.2.0/opentest4j-1.2.0.jar:/Users/augustoramseyer/.m2/repository/org/junit/platform/junit-platform-commons/1.9.3/junit-platform-commons-1.9.3.jar:/Users/augustoramseyer/.m2/repository/org/apiguardian/apiguardian-api/1.1.2/apiguardian-api-1.1.2.jar:/Users/augustoramseyer/.m2/repository/org/junit/jupiter/junit-jupiter-params/5.9.3/junit-jupiter-params-5.9.3.jar:/Users/augustoramseyer/.m2/repository/org/junit/jupiter/junit-jupiter-engine/5.9.3/junit-jupiter-engine-5.9.3.jar:/Users/augustoramseyer/.m2/repository/org/junit/platform/junit-platform-engine/1.9.3/junit-platform-engine-1.9.3.jar:/Users/augustoramseyer/.m2/repository/org/mockito/mockito-core/5.3.1/mockito-core-5.3.1.jar:/Users/augustoramseyer/.m2/repository/net/bytebuddy/byte-buddy-agent/1.14.6/byte-buddy-agent-1.14.6.jar:/Users/augustoramseyer/.m2/repository/org/objenesis/objenesis/3.3/objenesis-3.3.jar:/Users/augustoramseyer/.m2/repository/org/mockito/mockito-junit-jupiter/5.3.1/mockito-junit-jupiter-5.3.1.jar:/Users/augustoramseyer/.m2/repository/org/skyscreamer/jsonassert/1.5.1/jsonassert-1.5.1.jar:/Users/augustoramseyer/.m2/repository/com/vaadin/external/google/android-json/0.0.20131108.vaadin1/android-json-0.0.20131108.vaadin1.jar:/Users/augustoramseyer/.m2/repository/org/springframework/spring-core/6.0.11/spring-core-6.0.11.jar:/Users/augustoramseyer/.m2/repository/org/springframework/spring-jcl/6.0.11/spring-jcl-6.0.11.jar:/Users/augustoramseyer/.m2/repository/org/springframework/spring-test/6.0.11/spring-test-6.0.11.jar:/Users/augustoramseyer/.m2/repository/org/xmlunit/xmlunit-core/2.9.1/xmlunit-core-2.9.1.jar:/Users/augustoramseyer/.m2/repository/org/springframework/security/spring-security-test/6.1.3/spring-security-test-6.1.3.jar:/Users/augustoramseyer/.m2/repository/org/springframework/security/spring-security-core/6.1.3/spring-security-core-6.1.3.jar:/Users/augustoramseyer/.m2/repository/org/springframework/security/spring-security-crypto/6.1.3/spring-security-crypto-6.1.3.jar:/Users/augustoramseyer/.m2/repository/com/h2database/h2/2.1.214/h2-2.1.214.jar:/Users/augustoramseyer/.m2/repository/org/assertj/assertj-core/3.24.2/assertj-core-3.24.2.jar:/Users/augustoramseyer/.m2/repository/net/bytebuddy/byte-buddy/1.14.6/byte-buddy-1.14.6.jar:/Users/augustoramseyer/.m2/repository/junit/junit/4.13.2/junit-4.13.2.jar:/Users/augustoramseyer/.m2/repository/org/hamcrest/hamcrest-core/2.2/hamcrest-core-2.2.jar:/Users/augustoramseyer/.m2/repository/org/springframework/boot/spring-boot-configuration-processor/3.1.3/spring-boot-configuration-processor-3.1.3.jar:"/>
    <property name="java.vm.vendor" value="Oracle Corporation"/>
    <property name="sun.arch.data.model" value="64"/>
    <property name="java.vendor.url" value="https://java.oracle.com/"/>
    <property name="user.timezone" value="America/Argentina/Buenos_Aires"/>
    <property name="org.jboss.logging.provider" value="slf4j"/>
    <property name="os.name" value="Mac OS X"/>
    <property name="java.vm.specification.version" value="20"/>
    <property name="sun.java.launcher" value="SUN_STANDARD"/>
    <property name="user.country" value="AR"/>
    <property name="sun.boot.library.path" value="/Users/augustoramseyer/Library/Java/JavaVirtualMachines/openjdk-20.0.2/Contents/Home/lib"/>
    <property name="sun.java.command" value="/Users/augustoramseyer/Downloads/GitHub/2023-losmessias-BE/target/surefire/surefirebooter-20231021153449930_3.jar /Users/augustoramseyer/Downloads/GitHub/2023-losmessias-BE/target/surefire 2023-10-21T15-34-49_870-jvmRun1 surefire-20231021153449930_1tmp surefire_0-20231021153449930_2tmp"/>
    <property name="http.nonProxyHosts" value="local|*.local|169.254/16|*.169.254/16"/>
    <property name="jdk.debug" value="release"/>
    <property name="surefire.test.class.path" value="/Users/augustoramseyer/Downloads/GitHub/2023-losmessias-BE/target/test-classes:/Users/augustoramseyer/Downloads/GitHub/2023-losmessias-BE/target/classes:/Users/augustoramseyer/.m2/repository/org/springframework/boot/spring-boot-starter-data-jpa/3.1.3/spring-boot-starter-data-jpa-3.1.3.jar:/Users/augustoramseyer/.m2/repository/org/springframework/boot/spring-boot-starter-aop/3.1.3/spring-boot-starter-aop-3.1.3.jar:/Users/augustoramseyer/.m2/repository/org/aspectj/aspectjweaver/1.9.20/aspectjweaver-1.9.20.jar:/Users/augustoramseyer/.m2/repository/org/springframework/boot/spring-boot-starter-jdbc/3.1.3/spring-boot-starter-jdbc-3.1.3.jar:/Users/augustoramseyer/.m2/repository/com/zaxxer/HikariCP/5.0.1/HikariCP-5.0.1.jar:/Users/augustoramseyer/.m2/repository/org/springframework/spring-jdbc/6.0.11/spring-jdbc-6.0.11.jar:/Users/augustoramseyer/.m2/repository/org/hibernate/orm/hibernate-core/6.2.7.Final/hibernate-core-6.2.7.Final.jar:/Users/augustoramseyer/.m2/repository/jakarta/persistence/jakarta.persistence-api/3.1.0/jakarta.persistence-api-3.1.0.jar:/Users/augustoramseyer/.m2/repository/jakarta/transaction/jakarta.transaction-api/2.0.1/jakarta.transaction-api-2.0.1.jar:/Users/augustoramseyer/.m2/repository/org/jboss/logging/jboss-logging/3.5.3.Final/jboss-logging-3.5.3.Final.jar:/Users/augustoramseyer/.m2/repository/org/hibernate/common/hibernate-commons-annotations/6.0.6.Final/hibernate-commons-annotations-6.0.6.Final.jar:/Users/augustoramseyer/.m2/repository/io/smallrye/jandex/3.0.5/jandex-3.0.5.jar:/Users/augustoramseyer/.m2/repository/com/fasterxml/classmate/1.5.1/classmate-1.5.1.jar:/Users/augustoramseyer/.m2/repository/org/glassfish/jaxb/jaxb-runtime/4.0.3/jaxb-runtime-4.0.3.jar:/Users/augustoramseyer/.m2/repository/org/glassfish/jaxb/jaxb-core/4.0.3/jaxb-core-4.0.3.jar:/Users/augustoramseyer/.m2/repository/org/glassfish/jaxb/txw2/4.0.3/txw2-4.0.3.jar:/Users/augustoramseyer/.m2/repository/com/sun/istack/istack-commons-runtime/4.1.2/istack-commons-runtime-4.1.2.jar:/Users/augustoramseyer/.m2/repository/jakarta/inject/jakarta.inject-api/2.0.1/jakarta.inject-api-2.0.1.jar:/Users/augustoramseyer/.m2/repository/org/antlr/antlr4-runtime/4.10.1/antlr4-runtime-4.10.1.jar:/Users/augustoramseyer/.m2/repository/org/springframework/data/spring-data-jpa/3.1.3/spring-data-jpa-3.1.3.jar:/Users/augustoramseyer/.m2/repository/org/springframework/data/spring-data-commons/3.1.3/spring-data-commons-3.1.3.jar:/Users/augustoramseyer/.m2/repository/org/springframework/spring-orm/6.0.11/spring-orm-6.0.11.jar:/Users/augustoramseyer/.m2/repository/org/springframework/spring-context/6.0.11/spring-context-6.0.11.jar:/Users/augustoramseyer/.m2/repository/org/springframework/spring-tx/6.0.11/spring-tx-6.0.11.jar:/Users/augustoramseyer/.m2/repository/org/springframework/spring-beans/6.0.11/spring-beans-6.0.11.jar:/Users/augustoramseyer/.m2/repository/jakarta/annotation/jakarta.annotation-api/2.1.1/jakarta.annotation-api-2.1.1.jar:/Users/augustoramseyer/.m2/repository/org/slf4j/slf4j-api/2.0.7/slf4j-api-2.0.7.jar:/Users/augustoramseyer/.m2/repository/org/springframework/spring-aspects/6.0.11/spring-aspects-6.0.11.jar:/Users/augustoramseyer/.m2/repository/org/springframework/boot/spring-boot-starter-thymeleaf/3.1.3/spring-boot-starter-thymeleaf-3.1.3.jar:/Users/augustoramseyer/.m2/repository/org/springframework/boot/spring-boot-starter/3.1.3/spring-boot-starter-3.1.3.jar:/Users/augustoramseyer/.m2/repository/org/springframework/boot/spring-boot-starter-logging/3.1.3/spring-boot-starter-logging-3.1.3.jar:/Users/augustoramseyer/.m2/repository/ch/qos/logback/logback-classic/1.4.11/logback-classic-1.4.11.jar:/Users/augustoramseyer/.m2/repository/ch/qos/logback/logback-core/1.4.11/logback-core-1.4.11.jar:/Users/augustoramseyer/.m2/repository/org/apache/logging/log4j/log4j-to-slf4j/2.20.0/log4j-to-slf4j-2.20.0.jar:/Users/augustoramseyer/.m2/repository/org/apache/logging/log4j/log4j-api/2.20.0/log4j-api-2.20.0.jar:/Users/augustoramseyer/.m2/repository/org/slf4j/jul-to-slf4j/2.0.7/jul-to-slf4j-2.0.7.jar:/Users/augustoramseyer/.m2/repository/org/yaml/snakeyaml/1.33/snakeyaml-1.33.jar:/Users/augustoramseyer/.m2/repository/org/thymeleaf/thymeleaf-spring6/3.1.2.RELEASE/thymeleaf-spring6-3.1.2.RELEASE.jar:/Users/augustoramseyer/.m2/repository/org/thymeleaf/thymeleaf/3.1.2.RELEASE/thymeleaf-3.1.2.RELEASE.jar:/Users/augustoramseyer/.m2/repository/org/attoparser/attoparser/2.0.7.RELEASE/attoparser-2.0.7.RELEASE.jar:/Users/augustoramseyer/.m2/repository/org/unbescape/unbescape/1.1.6.RELEASE/unbescape-1.1.6.RELEASE.jar:/Users/augustoramseyer/.m2/repository/org/springframework/boot/spring-boot-starter-security/3.1.3/spring-boot-starter-security-3.1.3.jar:/Users/augustoramseyer/.m2/repository/org/springframework/spring-aop/6.0.11/spring-aop-6.0.11.jar:/Users/augustoramseyer/.m2/repository/org/springframework/security/spring-security-config/6.1.3/spring-security-config-6.1.3.jar:/Users/augustoramseyer/.m2/repository/org/springframework/security/spring-security-web/6.1.3/spring-security-web-6.1.3.jar:/Users/augustoramseyer/.m2/repository/org/springframework/spring-expression/6.0.11/spring-expression-6.0.11.jar:/Users/augustoramseyer/.m2/repository/org/springframework/boot/spring-boot-starter-web/3.1.3/spring-boot-starter-web-3.1.3.jar:/Users/augustoramseyer/.m2/repository/org/springframework/boot/spring-boot-starter-json/3.1.3/spring-boot-starter-json-3.1.3.jar:/Users/augustoramseyer/.m2/repository/com/fasterxml/jackson/datatype/jackson-datatype-jdk8/2.15.2/jackson-datatype-jdk8-2.15.2.jar:/Users/augustoramseyer/.m2/repository/com/fasterxml/jackson/datatype/jackson-datatype-jsr310/2.15.2/jackson-datatype-jsr310-2.15.2.jar:/Users/augustoramseyer/.m2/repository/com/fasterxml/jackson/module/jackson-module-parameter-names/2.15.2/jackson-module-parameter-names-2.15.2.jar:/Users/augustoramseyer/.m2/repository/org/springframework/boot/spring-boot-starter-tomcat/3.1.3/spring-boot-starter-tomcat-3.1.3.jar:/Users/augustoramseyer/.m2/repository/org/apache/tomcat/embed/tomcat-embed-core/10.1.12/tomcat-embed-core-10.1.12.jar:/Users/augustoramseyer/.m2/repository/org/apache/tomcat/embed/tomcat-embed-websocket/10.1.12/tomcat-embed-websocket-10.1.12.jar:/Users/augustoramseyer/.m2/repository/org/springframework/spring-web/6.0.11/spring-web-6.0.11.jar:/Users/augustoramseyer/.m2/repository/io/micrometer/micrometer-observation/1.11.3/micrometer-observation-1.11.3.jar:/Users/augustoramseyer/.m2/repository/io/micrometer/micrometer-commons/1.11.3/micrometer-commons-1.11.3.jar:/Users/augustoramseyer/.m2/repository/org/springframework/spring-webmvc/6.0.11/spring-webmvc-6.0.11.jar:/Users/augustoramseyer/.m2/repository/org/springframework/boot/spring-boot-starter-validation/3.1.3/spring-boot-starter-validation-3.1.3.jar:/Users/augustoramseyer/.m2/repository/org/apache/tomcat/embed/tomcat-embed-el/10.1.12/tomcat-embed-el-10.1.12.jar:/Users/augustoramseyer/.m2/repository/org/hibernate/validator/hibernate-validator/8.0.1.Final/hibernate-validator-8.0.1.Final.jar:/Users/augustoramseyer/.m2/repository/jakarta/validation/jakarta.validation-api/3.0.2/jakarta.validation-api-3.0.2.jar:/Users/augustoramseyer/.m2/repository/org/springframework/boot/spring-boot-devtools/3.1.3/spring-boot-devtools-3.1.3.jar:/Users/augustoramseyer/.m2/repository/org/springframework/boot/spring-boot/3.1.3/spring-boot-3.1.3.jar:/Users/augustoramseyer/.m2/repository/org/springframework/boot/spring-boot-autoconfigure/3.1.3/spring-boot-autoconfigure-3.1.3.jar:/Users/augustoramseyer/.m2/repository/com/mysql/mysql-connector-j/8.0.33/mysql-connector-j-8.0.33.jar:/Users/augustoramseyer/.m2/repository/org/springframework/boot/spring-boot-starter-mail/3.1.3/spring-boot-starter-mail-3.1.3.jar:/Users/augustoramseyer/.m2/repository/org/springframework/spring-context-support/6.0.11/spring-context-support-6.0.11.jar:/Users/augustoramseyer/.m2/repository/org/eclipse/angus/jakarta.mail/1.1.0/jakarta.mail-1.1.0.jar:/Users/augustoramseyer/.m2/repository/jakarta/activation/jakarta.activation-api/2.1.2/jakarta.activation-api-2.1.2.jar:/Users/augustoramseyer/.m2/repository/org/eclipse/angus/angus-activation/2.0.1/angus-activation-2.0.1.jar:/Users/augustoramseyer/.m2/repository/org/projectlombok/lombok/1.18.28/lombok-1.18.28.jar:/Users/augustoramseyer/.m2/repository/io/jsonwebtoken/jjwt-api/0.11.5/jjwt-api-0.11.5.jar:/Users/augustoramseyer/.m2/repository/io/jsonwebtoken/jjwt-impl/0.11.5/jjwt-impl-0.11.5.jar:/Users/augustoramseyer/.m2/repository/io/jsonwebtoken/jjwt-jackson/0.11.5/jjwt-jackson-0.11.5.jar:/Users/augustoramseyer/.m2/repository/com/fasterxml/jackson/core/jackson-databind/2.15.2/jackson-databind-2.15.2.jar:/Users/augustoramseyer/.m2/repository/com/fasterxml/jackson/core/jackson-annotations/2.15.2/jackson-annotations-2.15.2.jar:/Users/augustoramseyer/.m2/repository/com/fasterxml/jackson/core/jackson-core/2.15.2/jackson-core-2.15.2.jar:/Users/augustoramseyer/.m2/repository/org/springframework/boot/spring-boot-starter-test/3.1.3/spring-boot-starter-test-3.1.3.jar:/Users/augustoramseyer/.m2/repository/org/springframework/boot/spring-boot-test/3.1.3/spring-boot-test-3.1.3.jar:/Users/augustoramseyer/.m2/repository/org/springframework/boot/spring-boot-test-autoconfigure/3.1.3/spring-boot-test-autoconfigure-3.1.3.jar:/Users/augustoramseyer/.m2/repository/com/jayway/jsonpath/json-path/2.8.0/json-path-2.8.0.jar:/Users/augustoramseyer/.m2/repository/jakarta/xml/bind/jakarta.xml.bind-api/4.0.0/jakarta.xml.bind-api-4.0.0.jar:/Users/augustoramseyer/.m2/repository/net/minidev/json-smart/2.4.11/json-smart-2.4.11.jar:/Users/augustoramseyer/.m2/repository/net/minidev/accessors-smart/2.4.11/accessors-smart-2.4.11.jar:/Users/augustoramseyer/.m2/repository/org/ow2/asm/asm/9.3/asm-9.3.jar:/Users/augustoramseyer/.m2/repository/org/hamcrest/hamcrest/2.2/hamcrest-2.2.jar:/Users/augustoramseyer/.m2/repository/org/junit/jupiter/junit-jupiter/5.9.3/junit-jupiter-5.9.3.jar:/Users/augustoramseyer/.m2/repository/org/junit/jupiter/junit-jupiter-api/5.9.3/junit-jupiter-api-5.9.3.jar:/Users/augustoramseyer/.m2/repository/org/opentest4j/opentest4j/1.2.0/opentest4j-1.2.0.jar:/Users/augustoramseyer/.m2/repository/org/junit/platform/junit-platform-commons/1.9.3/junit-platform-commons-1.9.3.jar:/Users/augustoramseyer/.m2/repository/org/apiguardian/apiguardian-api/1.1.2/apiguardian-api-1.1.2.jar:/Users/augustoramseyer/.m2/repository/org/junit/jupiter/junit-jupiter-params/5.9.3/junit-jupiter-params-5.9.3.jar:/Users/augustoramseyer/.m2/repository/org/junit/jupiter/junit-jupiter-engine/5.9.3/junit-jupiter-engine-5.9.3.jar:/Users/augustoramseyer/.m2/repository/org/junit/platform/junit-platform-engine/1.9.3/junit-platform-engine-1.9.3.jar:/Users/augustoramseyer/.m2/repository/org/mockito/mockito-core/5.3.1/mockito-core-5.3.1.jar:/Users/augustoramseyer/.m2/repository/net/bytebuddy/byte-buddy-agent/1.14.6/byte-buddy-agent-1.14.6.jar:/Users/augustoramseyer/.m2/repository/org/objenesis/objenesis/3.3/objenesis-3.3.jar:/Users/augustoramseyer/.m2/repository/org/mockito/mockito-junit-jupiter/5.3.1/mockito-junit-jupiter-5.3.1.jar:/Users/augustoramseyer/.m2/repository/org/skyscreamer/jsonassert/1.5.1/jsonassert-1.5.1.jar:/Users/augustoramseyer/.m2/repository/com/vaadin/external/google/android-json/0.0.20131108.vaadin1/android-json-0.0.20131108.vaadin1.jar:/Users/augustoramseyer/.m2/repository/org/springframework/spring-core/6.0.11/spring-core-6.0.11.jar:/Users/augustoramseyer/.m2/repository/org/springframework/spring-jcl/6.0.11/spring-jcl-6.0.11.jar:/Users/augustoramseyer/.m2/repository/org/springframework/spring-test/6.0.11/spring-test-6.0.11.jar:/Users/augustoramseyer/.m2/repository/org/xmlunit/xmlunit-core/2.9.1/xmlunit-core-2.9.1.jar:/Users/augustoramseyer/.m2/repository/org/springframework/security/spring-security-test/6.1.3/spring-security-test-6.1.3.jar:/Users/augustoramseyer/.m2/repository/org/springframework/security/spring-security-core/6.1.3/spring-security-core-6.1.3.jar:/Users/augustoramseyer/.m2/repository/org/springframework/security/spring-security-crypto/6.1.3/spring-security-crypto-6.1.3.jar:/Users/augustoramseyer/.m2/repository/com/h2database/h2/2.1.214/h2-2.1.214.jar:/Users/augustoramseyer/.m2/repository/org/assertj/assertj-core/3.24.2/assertj-core-3.24.2.jar:/Users/augustoramseyer/.m2/repository/net/bytebuddy/byte-buddy/1.14.6/byte-buddy-1.14.6.jar:/Users/augustoramseyer/.m2/repository/junit/junit/4.13.2/junit-4.13.2.jar:/Users/augustoramseyer/.m2/repository/org/hamcrest/hamcrest-core/2.2/hamcrest-core-2.2.jar:/Users/augustoramseyer/.m2/repository/org/springframework/boot/spring-boot-configuration-processor/3.1.3/spring-boot-configuration-processor-3.1.3.jar:"/>
    <property name="sun.cpu.endian" value="little"/>
    <property name="user.home" value="/Users/augustoramseyer"/>
    <property name="user.language" value="en"/>
    <property name="java.specification.vendor" value="Oracle Corporation"/>
    <property name="java.version.date" value="2023-07-18"/>
    <property name="java.home" value="/Users/augustoramseyer/Library/Java/JavaVirtualMachines/openjdk-20.0.2/Contents/Home"/>
    <property name="file.separator" value="/"/>
    <property name="basedir" value="/Users/augustoramseyer/Downloads/GitHub/2023-losmessias-BE"/>
    <property name="java.vm.compressedOopsMode" value="Zero based"/>
    <property name="line.separator" value="&#10;"/>
    <property name="java.vm.specification.vendor" value="Oracle Corporation"/>
    <property name="java.specification.name" value="Java Platform API Specification"/>
    <property name="FILE_LOG_CHARSET" value="UTF-8"/>
    <property name="java.awt.headless" value="true"/>
    <property name="apple.awt.application.name" value="ForkedBooter"/>
    <property name="surefire.real.class.path" value="/Users/augustoramseyer/Downloads/GitHub/2023-losmessias-BE/target/surefire/surefirebooter-20231021153449930_3.jar"/>
    <property name="sun.management.compiler" value="HotSpot 64-Bit Tiered Compilers"/>
    <property name="ftp.nonProxyHosts" value="local|*.local|169.254/16|*.169.254/16"/>
    <property name="java.runtime.version" value="20.0.2+9-78"/>
    <property name="user.name" value="augustoramseyer"/>
    <property name="stdout.encoding" value="UTF-8"/>
    <property name="path.separator" value=":"/>
    <property name="os.version" value="14.0"/>
    <property name="java.runtime.name" value="OpenJDK Runtime Environment"/>
    <property name="file.encoding" value="UTF-8"/>
    <property name="java.vm.name" value="OpenJDK 64-Bit Server VM"/>
    <property name="localRepository" value="/Users/augustoramseyer/.m2/repository"/>
    <property name="java.vendor.url.bug" value="https://bugreport.java.com/bugreport/"/>
    <property name="java.io.tmpdir" value="/var/folders/x5/f8f0ds2j5wq1q26r70_cwnxr0000gn/T/"/>
    <property name="idea.version" value="2023.2.2"/>
    <property name="com.zaxxer.hikari.pool_number" value="1"/>
    <property name="java.version" value="20.0.2"/>
    <property name="user.dir" value="/Users/augustoramseyer/Downloads/GitHub/2023-losmessias-BE"/>
    <property name="os.arch" value="aarch64"/>
    <property name="java.vm.specification.name" value="Java Virtual Machine Specification"/>
    <property name="PID" value="3543"/>
    <property name="CONSOLE_LOG_CHARSET" value="UTF-8"/>
    <property name="native.encoding" value="UTF-8"/>
    <property name="java.library.path" value="/Users/augustoramseyer/Library/Java/Extensions:/Library/Java/Extensions:/Network/Library/Java/Extensions:/System/Library/Java/Extensions:/usr/lib/java:."/>
    <property name="java.vm.info" value="mixed mode, sharing"/>
    <property name="stderr.encoding" value="UTF-8"/>
    <property name="java.vendor" value="Oracle Corporation"/>
    <property name="java.vm.version" value="20.0.2+9-78"/>
    <property name="sun.io.unicode.encoding" value="UnicodeBig"/>
    <property name="socksNonProxyHosts" value="local|*.local|169.254/16|*.169.254/16"/>
    <property name="java.class.version" value="64.0"/>
  </properties>
  <testcase name="shouldSaveAClassReservation" classname="com.losmessias.leherer.repository_tests.ClassReservationRepositoryTests" time="0.067">
    <system-out><![CDATA[2023-10-21T15:34:54.933-03:00  INFO 3543 --- [           main] t.c.s.AnnotationConfigContextLoaderUtils : Could not detect default configuration classes for test class [com.losmessias.leherer.repository_tests.ClassReservationRepositoryTests]: ClassReservationRepositoryTests does not declare any static, non-private, non-final, nested classes annotated with @Configuration.
2023-10-21T15:34:54.939-03:00  INFO 3543 --- [           main] .b.t.c.SpringBootTestContextBootstrapper : Found @SpringBootConfiguration com.losmessias.leherer.LehererApplication for test class com.losmessias.leherer.repository_tests.ClassReservationRepositoryTests

  .   ____          _            __ _ _
 /\\ / ___'_ __ _ _(_)_ __  __ _ \ \ \ \
( ( )\___ | '_ | '_| | '_ \/ _` | \ \ \ \
 \\/  ___)| |_)| | | | | || (_| |  ) ) ) )
  '  |____| .__|_| |_|_| |_\__, | / / / /
 =========|_|==============|___/=/_/_/_/
 :: Spring Boot ::                (v3.1.3)

2023-10-21T15:34:54.947-03:00  INFO 3543 --- [           main] c.l.l.r.ClassReservationRepositoryTests  : Starting ClassReservationRepositoryTests using Java 20.0.2 with PID 3543 (started by augustoramseyer in /Users/augustoramseyer/Downloads/GitHub/2023-losmessias-BE)
2023-10-21T15:34:54.947-03:00  INFO 3543 --- [           main] c.l.l.r.ClassReservationRepositoryTests  : No active profile set, falling back to 1 default profile: "default"
2023-10-21T15:34:54.976-03:00  INFO 3543 --- [           main] .s.d.r.c.RepositoryConfigurationDelegate : Bootstrapping Spring Data JPA repositories in DEFAULT mode.
2023-10-21T15:34:54.983-03:00  INFO 3543 --- [           main] .s.d.r.c.RepositoryConfigurationDelegate : Finished Spring Data repository scanning in 7 ms. Found 12 JPA repository interfaces.
2023-10-21T15:34:54.989-03:00  INFO 3543 --- [           main] beddedDataSourceBeanFactoryPostProcessor : Replacing 'dataSource' DataSource bean with embedded version
2023-10-21T15:34:54.998-03:00  INFO 3543 --- [           main] o.s.j.d.e.EmbeddedDatabaseFactory        : Starting embedded database: url='jdbc:h2:mem:e74aff1b-1825-43c4-ac67-6d2394268446;DB_CLOSE_DELAY=-1;DB_CLOSE_ON_EXIT=false', username='sa'
2023-10-21T15:34:55.009-03:00  INFO 3543 --- [           main] o.hibernate.jpa.internal.util.LogHelper  : HHH000204: Processing PersistenceUnitInfo [name: default]
2023-10-21T15:34:55.011-03:00  INFO 3543 --- [           main] o.h.b.i.BytecodeProviderInitiator        : HHH000021: Bytecode provider name : bytebuddy
2023-10-21T15:34:55.011-03:00  INFO 3543 --- [           main] o.s.o.j.p.SpringPersistenceUnitInfo      : No LoadTimeWeaver setup: ignoring JPA class transformer
2023-10-21T15:34:55.026-03:00  INFO 3543 --- [           main] o.h.b.i.BytecodeProviderInitiator        : HHH000021: Bytecode provider name : bytebuddy
2023-10-21T15:34:55.080-03:00  INFO 3543 --- [           main] o.h.e.t.j.p.i.JtaPlatformInitiator       : HHH000490: Using JtaPlatform implementation: [org.hibernate.engine.transaction.jta.platform.internal.NoJtaPlatform]
Hibernate: drop table if exists app_user cascade 
Hibernate: drop table if exists class_reservation cascade 
Hibernate: drop table if exists comment cascade 
Hibernate: drop table if exists confirmation_token cascade 
Hibernate: drop table if exists file cascade 
Hibernate: drop table if exists loaded_data cascade 
Hibernate: drop table if exists notification_professor cascade 
Hibernate: drop table if exists notification_student cascade 
Hibernate: drop table if exists professor cascade 
Hibernate: drop table if exists professor_subject cascade 
Hibernate: drop table if exists student cascade 
Hibernate: drop table if exists subject cascade 
Hibernate: drop sequence if exists confirmation_token_sequence
Hibernate: drop sequence if exists student_sequence
Hibernate: create sequence confirmation_token_sequence start with 1 increment by 1
Hibernate: create sequence student_sequence start with 1 increment by 1
Hibernate: create table app_user (enabled boolean, locked boolean, association_id bigint, id bigint not null, app_user_role varchar(255) check (app_user_role in ('USER','STUDENT','PROFESSOR','ADMIN')), email varchar(255), password varchar(255), primary key (id))
Hibernate: create table class_reservation (date date, duration float(53), ending_hour time(6), price integer, starting_hour time(6), id bigint generated by default as identity, professor_id bigint, student_id bigint, subject_id bigint, status varchar(255) check (status in ('NOT_AVAILABLE','CONFIRMED','CONCLUDED','CANCELLED')), primary key (id))
Hibernate: create table comment (id bigint not null, comment varchar(255), primary key (id))
Hibernate: create table confirmation_token (app_user_id bigint not null, confirmed_at timestamp(6), created_at timestamp(6) not null, expires_at timestamp(6) not null, id bigint not null, token varchar(255) not null, primary key (id))
Hibernate: create table file (id bigint not null, file_name varchar(255), file_type varchar(255), data blob, primary key (id))
Hibernate: create table loaded_data (role tinyint check (role between 0 and 3), associated_id bigint, class_reservation_id bigint, id bigint generated by default as identity, uploaded_date_time timestamp(6), primary key (id))
Hibernate: create table notification_professor (opened boolean, id bigint generated by default as identity, professor_id bigint, message varchar(255), primary key (id))
Hibernate: create table notification_student (opened boolean, id bigint generated by default as identity, student_id bigint, message varchar(255), primary key (id))
Hibernate: create table professor (sex tinyint check (sex between 0 and 1), id bigint generated by default as identity, email varchar(255), first_name varchar(255), last_name varchar(255), location varchar(255), phone varchar(255), primary key (id))
Hibernate: create table professor_subject (status tinyint check (status between 0 and 2), id bigint generated by default as identity, professor_id bigint not null, subject_id bigint not null, primary key (id, professor_id, subject_id))
Hibernate: create table student (sex tinyint check (sex between 0 and 1), id bigint generated by default as identity, email varchar(255), first_name varchar(255), last_name varchar(255), location varchar(255), phone varchar(255), primary key (id))
Hibernate: create table subject (id bigint generated by default as identity, name varchar(255), primary key (id))
Hibernate: alter table if exists class_reservation add constraint FKe5yljav3k9ybrpmklgong70mh foreign key (professor_id) references professor
Hibernate: alter table if exists class_reservation add constraint FKbo40a0yiigwfgpqjteyoruuxy foreign key (student_id) references student
Hibernate: alter table if exists class_reservation add constraint FKj6frf46r039311nspihehb3ww foreign key (subject_id) references subject
Hibernate: alter table if exists comment add constraint FKlqem4qff9gptcp7bvt04vytas foreign key (id) references loaded_data
Hibernate: alter table if exists confirmation_token add constraint FKo9fl25wqyh7w7mnfkdqen1rcm foreign key (app_user_id) references app_user
Hibernate: alter table if exists file add constraint FKsttuth65fnk57seli8oi9uov foreign key (id) references loaded_data
Hibernate: alter table if exists loaded_data add constraint FK2oyhjxgwb6lhpmbjkmier0fpf foreign key (class_reservation_id) references class_reservation
Hibernate: alter table if exists notification_professor add constraint FKm2x162t3sq8euo5l8dqaa43ag foreign key (professor_id) references professor
Hibernate: alter table if exists notification_student add constraint FKhf6tpndmefrtx7c2tv3emokpb foreign key (student_id) references student
Hibernate: alter table if exists professor_subject add constraint FK8t23yd0a642yluv3xua6va5oj foreign key (professor_id) references professor
Hibernate: alter table if exists professor_subject add constraint FKo2ji26ywiywmgxf936djb1ffl foreign key (subject_id) references subject
2023-10-21T15:34:55.094-03:00  INFO 3543 --- [           main] j.LocalContainerEntityManagerFactoryBean : Initialized JPA EntityManagerFactory for persistence unit 'default'
2023-10-21T15:34:55.209-03:00  INFO 3543 --- [           main] c.l.l.r.ClassReservationRepositoryTests  : Started ClassReservationRepositoryTests in 0.269 seconds (process running for 5.232)
Hibernate: insert into professor (email,first_name,last_name,location,phone,sex,id) values (?,?,?,?,?,?,default)
Hibernate: insert into subject (name,id) values (?,default)
Hibernate: insert into student (email,first_name,last_name,location,phone,sex,id) values (?,?,?,?,?,?,default)
Hibernate: insert into class_reservation (date,duration,ending_hour,price,professor_id,starting_hour,status,student_id,subject_id,id) values (?,?,?,?,?,?,?,?,?,default)
Hibernate: select c1_0.id,c1_0.date,c1_0.duration,c1_0.ending_hour,c1_0.price,c1_0.professor_id,c1_0.starting_hour,c1_0.status,c1_0.student_id,c1_0.subject_id from class_reservation c1_0
]]></system-out>
  </testcase>
  <testcase name="shouldFindByProfessorAndSubject" classname="com.losmessias.leherer.repository_tests.ClassReservationRepositoryTests" time="0.014">
    <system-out><![CDATA[Hibernate: insert into professor (email,first_name,last_name,location,phone,sex,id) values (?,?,?,?,?,?,default)
Hibernate: insert into subject (name,id) values (?,default)
Hibernate: insert into student (email,first_name,last_name,location,phone,sex,id) values (?,?,?,?,?,?,default)
Hibernate: insert into class_reservation (date,duration,ending_hour,price,professor_id,starting_hour,status,student_id,subject_id,id) values (?,?,?,?,?,?,?,?,?,default)
Hibernate: select c1_0.id,c1_0.date,c1_0.duration,c1_0.ending_hour,c1_0.price,c1_0.professor_id,c1_0.starting_hour,c1_0.status,c1_0.student_id,c1_0.subject_id from class_reservation c1_0 where c1_0.professor_id=? and c1_0.subject_id=?
]]></system-out>
  </testcase>
  <testcase name="shouldFindBySubjectId" classname="com.losmessias.leherer.repository_tests.ClassReservationRepositoryTests" time="0.007">
    <system-out><![CDATA[Hibernate: insert into professor (email,first_name,last_name,location,phone,sex,id) values (?,?,?,?,?,?,default)
Hibernate: insert into subject (name,id) values (?,default)
Hibernate: insert into student (email,first_name,last_name,location,phone,sex,id) values (?,?,?,?,?,?,default)
Hibernate: insert into class_reservation (date,duration,ending_hour,price,professor_id,starting_hour,status,student_id,subject_id,id) values (?,?,?,?,?,?,?,?,?,default)
Hibernate: select c1_0.id,c1_0.date,c1_0.duration,c1_0.ending_hour,c1_0.price,c1_0.professor_id,c1_0.starting_hour,c1_0.status,c1_0.student_id,c1_0.subject_id from class_reservation c1_0 where c1_0.subject_id=?
]]></system-out>
  </testcase>
  <testcase name="shouldFindByProfessorId" classname="com.losmessias.leherer.repository_tests.ClassReservationRepositoryTests" time="0.006">
    <system-out><![CDATA[Hibernate: insert into professor (email,first_name,last_name,location,phone,sex,id) values (?,?,?,?,?,?,default)
Hibernate: insert into subject (name,id) values (?,default)
Hibernate: insert into student (email,first_name,last_name,location,phone,sex,id) values (?,?,?,?,?,?,default)
Hibernate: insert into class_reservation (date,duration,ending_hour,price,professor_id,starting_hour,status,student_id,subject_id,id) values (?,?,?,?,?,?,?,?,?,default)
Hibernate: select c1_0.id,c1_0.date,c1_0.duration,c1_0.ending_hour,c1_0.price,c1_0.professor_id,c1_0.starting_hour,c1_0.status,c1_0.student_id,c1_0.subject_id from class_reservation c1_0 where c1_0.professor_id=?
]]></system-out>
  </testcase>
  <testcase name="shouldMakeDailySummary" classname="com.losmessias.leherer.repository_tests.ClassReservationRepositoryTests" time="0.017">
    <system-out><![CDATA[Hibernate: insert into professor (email,first_name,last_name,location,phone,sex,id) values (?,?,?,?,?,?,default)
Hibernate: insert into subject (name,id) values (?,default)
Hibernate: insert into student (email,first_name,last_name,location,phone,sex,id) values (?,?,?,?,?,?,default)
Hibernate: insert into class_reservation (date,duration,ending_hour,price,professor_id,starting_hour,status,student_id,subject_id,id) values (?,?,?,?,?,?,?,?,?,default)
Hibernate: select p1_0.id,p1_0.email,p1_0.first_name,p1_0.last_name,p1_0.location,p1_0.phone,p1_0.sex,s1_0.id,s1_0.name,sum(c1_0.price),sum(c1_0.duration) from class_reservation c1_0 join professor p1_0 on p1_0.id=c1_0.professor_id join subject s1_0 on s1_0.id=c1_0.subject_id where c1_0.date=? and (c1_0.status='CONFIRMED' or c1_0.status='CONCLUDED' or c1_0.status='CANCELLED') group by c1_0.professor_id,c1_0.subject_id
]]></system-out>
  </testcase>
  <testcase name="shouldMakeDailySummaryWithMultipleSubjects" classname="com.losmessias.leherer.repository_tests.ClassReservationRepositoryTests" time="0.007">
    <system-out><![CDATA[Hibernate: insert into professor (email,first_name,last_name,location,phone,sex,id) values (?,?,?,?,?,?,default)
Hibernate: insert into subject (name,id) values (?,default)
Hibernate: insert into student (email,first_name,last_name,location,phone,sex,id) values (?,?,?,?,?,?,default)
Hibernate: insert into subject (name,id) values (?,default)
Hibernate: insert into class_reservation (date,duration,ending_hour,price,professor_id,starting_hour,status,student_id,subject_id,id) values (?,?,?,?,?,?,?,?,?,default)
Hibernate: insert into class_reservation (date,duration,ending_hour,price,professor_id,starting_hour,status,student_id,subject_id,id) values (?,?,?,?,?,?,?,?,?,default)
Hibernate: select p1_0.id,p1_0.email,p1_0.first_name,p1_0.last_name,p1_0.location,p1_0.phone,p1_0.sex,s1_0.id,s1_0.name,sum(c1_0.price),sum(c1_0.duration) from class_reservation c1_0 join professor p1_0 on p1_0.id=c1_0.professor_id join subject s1_0 on s1_0.id=c1_0.subject_id where c1_0.date=? and (c1_0.status='CONFIRMED' or c1_0.status='CONCLUDED' or c1_0.status='CANCELLED') group by c1_0.professor_id,c1_0.subject_id
]]></system-out>
  </testcase>
  <testcase name="shouldFindByStudentId" classname="com.losmessias.leherer.repository_tests.ClassReservationRepositoryTests" time="0.008">
    <system-out><![CDATA[Hibernate: insert into professor (email,first_name,last_name,location,phone,sex,id) values (?,?,?,?,?,?,default)
Hibernate: insert into subject (name,id) values (?,default)
Hibernate: insert into student (email,first_name,last_name,location,phone,sex,id) values (?,?,?,?,?,?,default)
Hibernate: insert into class_reservation (date,duration,ending_hour,price,professor_id,starting_hour,status,student_id,subject_id,id) values (?,?,?,?,?,?,?,?,?,default)
Hibernate: select c1_0.id,c1_0.date,c1_0.duration,c1_0.ending_hour,c1_0.price,c1_0.professor_id,c1_0.starting_hour,c1_0.status,c1_0.student_id,c1_0.subject_id from class_reservation c1_0 where c1_0.student_id=?
]]></system-out>
  </testcase>
</testsuite>